# 
# do ./run.do
# QuestaSim-64 vlog 2019.2_1 Compiler 2019.05 May 13 2019
# Start time: 18:49:47 on Feb 25,2023
# vlog tinyalu_dut/tinyalu.sv 
# -- Compiling module tinyalu
# -- Compiling module single_cycle
# -- Compiling module three_cycle
# 
# Top level modules:
# 	tinyalu
# End time: 18:49:47 on Feb 25,2023, Elapsed time: 0:00:00
# Errors: 0, Warnings: 0
# QuestaSim-64 vlog 2019.2_1 Compiler 2019.05 May 13 2019
# Start time: 18:49:47 on Feb 25,2023
# vlog -f tb.f 
# -- Compiling package tinyalu_pkg
# -- Importing package mtiUvm.uvm_pkg (uvm-1.1d Built-in)
# -- Compiling interface tinyalu_bfm
# -- Importing package tinyalu_pkg
# -- Compiling module top
# 
# Top level modules:
# 	top
# End time: 18:49:48 on Feb 25,2023, Elapsed time: 0:00:01
# Errors: 0, Warnings: 0
# QuestaSim-64 vlog 2019.2_1 Compiler 2019.05 May 13 2019
# Start time: 18:49:48 on Feb 25,2023
# vlog tb_classes/predictor.c -dpicpppath /usr/bin/gcc -ccflags "-c -Werror-implicit-function-declaration -O2" 
# ** Note: (vlog-7082) For C/C++ auto compile, choosing compiler /usr/bin/gcc set by the -dpicpppath switch.
# -- Compiling DPI/PLI C file tb_classes/predictor.c
# End time: 18:49:48 on Feb 25,2023, Elapsed time: 0:00:00
# Errors: 0, Warnings: 0
# QuestaSim-64 vopt 2019.2_1 Compiler 2019.05 May 13 2019
# Start time: 18:49:49 on Feb 25,2023
# vopt top -o top_optimized "+acc" "+cover=sbfec+tinyalu(rtl)." 
# 
# Top level modules:
# 	top
# 
# Analyzing design...
# -- Loading module top
# -- Importing package mtiUvm.uvm_pkg (uvm-1.1d Built-in)
# -- Importing package tinyalu_pkg
# -- Loading interface tinyalu_bfm
# -- Loading module tinyalu
# -- Loading module single_cycle
# -- Loading module three_cycle
# -- Loading package mtiUvm.questa_uvm_pkg
# Optimizing 9 design-units (inlining 0/5 module instances):
# -- Optimizing package mtiUvm.uvm_pkg (uvm-1.1d Built-in)(fast)
# -- Optimizing package mtiUvm.questa_uvm_pkg(fast)
# -- Optimizing package tinyalu_pkg(fast)
# -- Optimizing interface tinyalu_bfm(fast)
# -- Optimizing module three_cycle(fast)
# -- Optimizing module tinyalu(fast)
# -- Optimizing module single_cycle(fast)
# -- Optimizing module top(fast)
# -- Optimizing interface tinyalu_bfm(fast)
# Optimized design name is top_optimized
# End time: 18:49:53 on Feb 25,2023, Elapsed time: 0:00:04
# Errors: 0, Warnings: 0
# vsim top_optimized -dpicpppath /usr/bin/gcc -coverage "+UVM_TESTNAME=parallel_test" -voptargs="+acc" 
# Start time: 18:49:46 on Feb 25,2023
# //  Questa Sim-64
# //  Version 2019.2_1 linux_x86_64 May 13 2019
# //
# //  Copyright 1991-2019 Mentor Graphics Corporation
# //  All Rights Reserved.
# //
# //  QuestaSim and its associated documentation contain trade
# //  secrets and commercial or financial information that are the property of
# //  Mentor Graphics Corporation and are privileged, confidential,
# //  and exempt from disclosure under the Freedom of Information Act,
# //  5 U.S.C. Section 552. Furthermore, this information
# //  is prohibited from disclosure under the Trade Secrets Act,
# //  18 U.S.C. Section 1905.
# //
# Loading sv_std.std
# Loading work.tinyalu_bfm(fast)
# Loading mtiUvm.uvm_pkg
# Loading work.tinyalu_pkg(fast)
# Loading mtiUvm.questa_uvm_pkg(fast)
# Loading work.top(fast)
# Loading work.tinyalu_bfm(fast)
# Loading work.tinyalu(fast)
# Loading work.single_cycle(fast)
# Loading work.three_cycle(fast)
# ** Note: (vsim-7082) For C/C++ auto compile, choosing compiler /usr/bin/gcc set by the -dpicpppath switch.
# Loading /tmp/vvan@mo.ece.pdx.edu_dpi_6237/linux_x86_64_gcc-4.8.5/vsim_auto_compile.so
# Loading /pkgs/mentor/questa/2019.2_1/questasim/uvm-1.1d/linux_x86_64/uvm_dpi.so
# 1
# ----------------------------------------------------------------
# UVM-1.1d
# (C) 2007-2013 Mentor Graphics Corporation
# (C) 2007-2013 Cadence Design Systems, Inc.
# (C) 2006-2013 Synopsys, Inc.
# (C) 2011-2013 Cypress Semiconductor Corp.
# ----------------------------------------------------------------
# 
#   ***********       IMPORTANT RELEASE NOTES         ************
# 
#   You are using a version of the UVM library that has been compiled
#   with `UVM_NO_DEPRECATED undefined.
#   See http://www.eda.org/svdb/view.php?id=3313 for more details.
# 
#   You are using a version of the UVM library that has been compiled
#   with `UVM_OBJECT_MUST_HAVE_CONSTRUCTOR undefined.
#   See http://www.eda.org/svdb/view.php?id=3770 for more details.
# 
#       (Specify +UVM_NO_RELNOTES to turn off this notice)
# 
# UVM_INFO verilog_src/questa_uvm_pkg-1.2/src/questa_uvm_pkg.sv(277) @ 0: reporter [Questa UVM] QUESTA_UVM-1.2.3
# UVM_INFO verilog_src/questa_uvm_pkg-1.2/src/questa_uvm_pkg.sv(278) @ 0: reporter [Questa UVM]  questa_uvm::init(+struct)
# UVM_INFO @ 0: reporter [RNTST] Running test parallel_test...
# UVM_INFO tb_classes/fibonacci_sequence.svh(35) @ 71: uvm_test_top.env_h.sequencer_h@@fibonacci [FIBONACCI]  Fib(01) = 00
# UVM_INFO tb_classes/fibonacci_sequence.svh(36) @ 71: uvm_test_top.env_h.sequencer_h@@fibonacci [FIBONACCI]  Fib(02) = 01
# UVM_INFO tb_classes/short_random_sequence.svh(34) @ 160: uvm_test_top.env_h.sequencer_h@@short_random [SHORT RANDOM] random command: A: 03  B: 12   op: mul_op = 0036
# UVM_INFO tb_classes/fibonacci_sequence.svh(45) @ 200: uvm_test_top.env_h.sequencer_h@@fibonacci [FIBONACCI] Fib( 3) =  1
# UVM_INFO tb_classes/short_random_sequence.svh(34) @ 240: uvm_test_top.env_h.sequencer_h@@short_random [SHORT RANDOM] random command: A: 63  B: 13   op: xor_op = 0070
# UVM_INFO tb_classes/fibonacci_sequence.svh(45) @ 280: uvm_test_top.env_h.sequencer_h@@fibonacci [FIBONACCI] Fib( 4) =  2
# UVM_INFO tb_classes/short_random_sequence.svh(34) @ 380: uvm_test_top.env_h.sequencer_h@@short_random [SHORT RANDOM] random command: A: c4  B: 90   op: mul_op = 6e40
# UVM_INFO tb_classes/fibonacci_sequence.svh(45) @ 420: uvm_test_top.env_h.sequencer_h@@fibonacci [FIBONACCI] Fib( 5) =  3
# UVM_INFO tb_classes/short_random_sequence.svh(34) @ 460: uvm_test_top.env_h.sequencer_h@@short_random [SHORT RANDOM] random command: A: af  B: 57   op: xor_op = 00f8
# UVM_INFO tb_classes/fibonacci_sequence.svh(45) @ 500: uvm_test_top.env_h.sequencer_h@@fibonacci [FIBONACCI] Fib( 6) =  5
# UVM_INFO tb_classes/short_random_sequence.svh(34) @ 540: uvm_test_top.env_h.sequencer_h@@short_random [SHORT RANDOM] random command: A: 3d  B: 5c   op: and_op = 001c
# UVM_INFO tb_classes/fibonacci_sequence.svh(45) @ 580: uvm_test_top.env_h.sequencer_h@@fibonacci [FIBONACCI] Fib( 7) =  8
# UVM_INFO tb_classes/short_random_sequence.svh(34) @ 620: uvm_test_top.env_h.sequencer_h@@short_random [SHORT RANDOM] random command: A: ed  B: 36   op: add_op = 0123
# UVM_INFO tb_classes/fibonacci_sequence.svh(45) @ 660: uvm_test_top.env_h.sequencer_h@@fibonacci [FIBONACCI] Fib( 8) = 13
# UVM_INFO tb_classes/short_random_sequence.svh(34) @ 700: uvm_test_top.env_h.sequencer_h@@short_random [SHORT RANDOM] random command: A: e9  B: 00   op: add_op = 00e9
# UVM_INFO tb_classes/fibonacci_sequence.svh(45) @ 740: uvm_test_top.env_h.sequencer_h@@fibonacci [FIBONACCI] Fib( 9) = 21
# UVM_INFO tb_classes/short_random_sequence.svh(34) @ 840: uvm_test_top.env_h.sequencer_h@@short_random [SHORT RANDOM] random command: A: e5  B: 88   op: mul_op = 79a8
# UVM_INFO tb_classes/fibonacci_sequence.svh(45) @ 880: uvm_test_top.env_h.sequencer_h@@fibonacci [FIBONACCI] Fib(10) = 34
# UVM_INFO tb_classes/short_random_sequence.svh(34) @ 980: uvm_test_top.env_h.sequencer_h@@short_random [SHORT RANDOM] random command: A: 03  B: d5   op: mul_op = 027f
# UVM_INFO tb_classes/fibonacci_sequence.svh(45) @ 1020: uvm_test_top.env_h.sequencer_h@@fibonacci [FIBONACCI] Fib(11) = 55
# UVM_INFO tb_classes/short_random_sequence.svh(34) @ 1120: uvm_test_top.env_h.sequencer_h@@short_random [SHORT RANDOM] random command: A: e5  B: f8   op: mul_op = ddd8
# UVM_INFO tb_classes/fibonacci_sequence.svh(45) @ 1160: uvm_test_top.env_h.sequencer_h@@fibonacci [FIBONACCI] Fib(12) = 89
# UVM_INFO tb_classes/short_random_sequence.svh(34) @ 1260: uvm_test_top.env_h.sequencer_h@@short_random [SHORT RANDOM] random command: A: ec  B: 25   op: mul_op = 221c
# UVM_INFO tb_classes/fibonacci_sequence.svh(45) @ 1300: uvm_test_top.env_h.sequencer_h@@fibonacci [FIBONACCI] Fib(13) = 144
# UVM_INFO tb_classes/short_random_sequence.svh(34) @ 1340: uvm_test_top.env_h.sequencer_h@@short_random [SHORT RANDOM] random command: A: ec  B: 63   op: add_op = 014f
# UVM_INFO tb_classes/fibonacci_sequence.svh(45) @ 1380: uvm_test_top.env_h.sequencer_h@@fibonacci [FIBONACCI] Fib(14) = 233
# UVM_INFO tb_classes/short_random_sequence.svh(34) @ 1420: uvm_test_top.env_h.sequencer_h@@short_random [SHORT RANDOM] random command: A: f3  B: 19   op: xor_op = 00ea
# UVM_INFO tb_classes/short_random_sequence.svh(34) @ 1460: uvm_test_top.env_h.sequencer_h@@short_random [SHORT RANDOM] random command: A: 27  B: d7   op: and_op = 0007
# UVM_INFO verilog_src/uvm-1.1d/src/base/uvm_objection.svh(1267) @ 1460: reporter [TEST_DONE] 'run' phase is ready to proceed to the 'extract' phase
# 
# --- UVM Report Summary ---
# 
# ** Report counts by severity
# UVM_INFO :   32
# UVM_WARNING :    0
# UVM_ERROR :    0
# UVM_FATAL :    0
# ** Report counts by id
# [FIBONACCI]    14
# [Questa UVM]     2
# [RNTST]     1
# [SHORT RANDOM]    14
# [TEST_DONE]     1
# ** Note: $finish    : /pkgs/mentor/questa/2019.2_1/questasim/linux_x86_64/../verilog_src/uvm-1.1d/src/base/uvm_root.svh(430)
#    Time: 1460 ns  Iteration: 66  Instance: /top
# 1
# Break in Task uvm_pkg/uvm_root::run_test at /pkgs/mentor/questa/2019.2_1/questasim/linux_x86_64/../verilog_src/uvm-1.1d/src/base/uvm_root.svh line 430
# QuestaSim-64 vcover 2019.2_1 Coverage Utility 2019.05 May 13 2019
# Start time: 18:49:55 on Feb 25,2023
# vcover report tinyalu.ucdb -cvg -details 
# Coverage Report by instance with details
# 
# =================================================================================
# === Instance: /tinyalu_pkg
# === Design Unit: work.tinyalu_pkg
# =================================================================================
# 
# Covergroup Coverage:
#     Covergroups                      2        na        na   100.00%
#         Coverpoints/Crosses          5        na        na        na
#             Covergroup Bins         48        48         0   100.00%
# ----------------------------------------------------------------------------------------------------------
# Covergroup                                             Metric       Goal       Bins    Status               
#                                                                                                          
# ----------------------------------------------------------------------------------------------------------
#  TYPE /tinyalu_pkg/coverage/op_cov                    100.00%        100          -    Covered              
#     covered/total bins:                                    29         29          -                      
#     missing/total bins:                                     0         29          -                      
#     % Hit:                                            100.00%        100          -                      
#     Coverpoint op_set                                 100.00%        100          -    Covered              
#         covered/total bins:                                29         29          -                      
#         missing/total bins:                                 0         29          -                      
#         % Hit:                                        100.00%        100          -                      
#  Covergroup instance \/tinyalu_pkg::coverage::op_cov  
#                                                       100.00%        100          -    Covered              
#     covered/total bins:                                    29         29          -                      
#     missing/total bins:                                     0         29          -                      
#     % Hit:                                            100.00%        100          -                      
#     Coverpoint op_set                                 100.00%        100          -    Covered              
#         covered/total bins:                                29         29          -                      
#         missing/total bins:                                 0         29          -                      
#         % Hit:                                        100.00%        100          -                      
#         bin single_cycle[no_op]                           215          1          -    Covered              
#         bin single_cycle[add_op]                         1133          1          -    Covered              
#         bin single_cycle[and_op]                         1161          1          -    Covered              
#         bin single_cycle[xor_op]                         1168          1          -    Covered              
#         bin single_cycle[rst_op]                          209          1          -    Covered              
#         bin multi_cycle                                  1154          1          -    Covered              
#         bin opn_rst[mul_op=>rst_op]                        60          1          -    Covered              
#         bin opn_rst[xor_op=>rst_op]                        48          1          -    Covered              
#         bin opn_rst[and_op=>rst_op]                        42          1          -    Covered              
#         bin opn_rst[add_op=>rst_op]                        44          1          -    Covered              
#         bin rst_opn[rst_op=>mul_op]                        50          1          -    Covered              
#         bin rst_opn[rst_op=>xor_op]                        59          1          -    Covered              
#         bin rst_opn[rst_op=>and_op]                        39          1          -    Covered              
#         bin rst_opn[rst_op=>add_op]                        47          1          -    Covered              
#         bin sngl_mul[xor_op=>mul_op]                      276          1          -    Covered              
#         bin sngl_mul[and_op=>mul_op]                      280          1          -    Covered              
#         bin sngl_mul[add_op=>mul_op]                      259          1          -    Covered              
#         bin sngl_mul[no_op=>mul_op]                        48          1          -    Covered              
#         bin mul_sngl[mul_op=>xor_op]                      256          1          -    Covered              
#         bin mul_sngl[mul_op=>and_op]                      269          1          -    Covered              
#         bin mul_sngl[mul_op=>add_op]                      280          1          -    Covered              
#         bin mul_sngl[mul_op=>no_op]                        49          1          -    Covered              
#         bin twoops[mul_op[*2]]                            240          1          -    Covered              
#         bin twoops[xor_op[*2]]                            269          1          -    Covered              
#         bin twoops[and_op[*2]]                            266          1          -    Covered              
#         bin twoops[add_op[*2]]                            272          1          -    Covered              
#         bin manymult                                       41          1          -    Covered              
#         bin rstmulrst                                      25          1          -    Covered              
#         bin rstmulrstim                                    10          1          -    Covered              
#  TYPE /tinyalu_pkg/coverage/zeros_or_ones_on_ops      100.00%        100          -    Covered              
#     covered/total bins:                                    19         19          -                      
#     missing/total bins:                                     0         19          -                      
#     % Hit:                                            100.00%        100          -                      
#     Coverpoint all_ops                                100.00%        100          -    Covered              
#         covered/total bins:                                 4          4          -                      
#         missing/total bins:                                 0          4          -                      
#         % Hit:                                        100.00%        100          -                      
#         ignore_bin null_ops                               424                     -    Occurred             
#         bin auto[add_op]                                 1133          1          -    Covered              
#         bin auto[and_op]                                 1161          1          -    Covered              
#         bin auto[xor_op]                                 1168          1          -    Covered              
#         bin auto[mul_op]                                 1154          1          -    Covered              
#     Coverpoint a_leg                                  100.00%        100          -    Covered              
#         covered/total bins:                                 3          3          -                      
#         missing/total bins:                                 0          3          -                      
#         % Hit:                                        100.00%        100          -                      
#         bin zeros                                          17          1          -    Covered              
#         bin others                                       5002          1          -    Covered              
#         bin ones                                           21          1          -    Covered              
#     Coverpoint b_leg                                  100.00%        100          -    Covered              
#         covered/total bins:                                 3          3          -                      
#         missing/total bins:                                 0          3          -                      
#         % Hit:                                        100.00%        100          -                      
#         bin zeros                                         225          1          -    Covered              
#         bin others                                       4791          1          -    Covered              
#         bin ones                                           24          1          -    Covered              
#     Cross op_00_FF                                    100.00%        100          -    Covered              
#         covered/total bins:                                 9          9          -                      
#         missing/total bins:                                 0          9          -                      
#         % Hit:                                        100.00%        100          -                      
#         Auto, Default and User Defined Bins:
#             bin add_00                                     14          1          -    Covered              
#             bin add_FF                                     12          1          -    Covered              
#             bin and_00                                      6          1          -    Covered              
#             bin and_FF                                     10          1          -    Covered              
#             bin xor_00                                      5          1          -    Covered              
#             bin xor_FF                                      8          1          -    Covered              
#             bin mul_00                                      6          1          -    Covered              
#             bin mul_FF                                     12          1          -    Covered              
#             bin mul_max                                     1          1          -    Covered              
#         Illegal and Ignore Bins:
#             ignore_bin others_only                       4543                     -    Occurred             
# 
# COVERGROUP COVERAGE:
# ----------------------------------------------------------------------------------------------------------
# Covergroup                                             Metric       Goal       Bins    Status               
#                                                                                                          
# ----------------------------------------------------------------------------------------------------------
#  TYPE /tinyalu_pkg/coverage/op_cov                    100.00%        100          -    Covered              
#     covered/total bins:                                    29         29          -                      
#     missing/total bins:                                     0         29          -                      
#     % Hit:                                            100.00%        100          -                      
#     Coverpoint op_set                                 100.00%        100          -    Covered              
#         covered/total bins:                                29         29          -                      
#         missing/total bins:                                 0         29          -                      
#         % Hit:                                        100.00%        100          -                      
#  Covergroup instance \/tinyalu_pkg::coverage::op_cov  
#                                                       100.00%        100          -    Covered              
#     covered/total bins:                                    29         29          -                      
#     missing/total bins:                                     0         29          -                      
#     % Hit:                                            100.00%        100          -                      
#     Coverpoint op_set                                 100.00%        100          -    Covered              
#         covered/total bins:                                29         29          -                      
#         missing/total bins:                                 0         29          -                      
#         % Hit:                                        100.00%        100          -                      
#         bin single_cycle[no_op]                           215          1          -    Covered              
#         bin single_cycle[add_op]                         1133          1          -    Covered              
#         bin single_cycle[and_op]                         1161          1          -    Covered              
#         bin single_cycle[xor_op]                         1168          1          -    Covered              
#         bin single_cycle[rst_op]                          209          1          -    Covered              
#         bin multi_cycle                                  1154          1          -    Covered              
#         bin opn_rst[mul_op=>rst_op]                        60          1          -    Covered              
#         bin opn_rst[xor_op=>rst_op]                        48          1          -    Covered              
#         bin opn_rst[and_op=>rst_op]                        42          1          -    Covered              
#         bin opn_rst[add_op=>rst_op]                        44          1          -    Covered              
#         bin rst_opn[rst_op=>mul_op]                        50          1          -    Covered              
#         bin rst_opn[rst_op=>xor_op]                        59          1          -    Covered              
#         bin rst_opn[rst_op=>and_op]                        39          1          -    Covered              
#         bin rst_opn[rst_op=>add_op]                        47          1          -    Covered              
#         bin sngl_mul[xor_op=>mul_op]                      276          1          -    Covered              
#         bin sngl_mul[and_op=>mul_op]                      280          1          -    Covered              
#         bin sngl_mul[add_op=>mul_op]                      259          1          -    Covered              
#         bin sngl_mul[no_op=>mul_op]                        48          1          -    Covered              
#         bin mul_sngl[mul_op=>xor_op]                      256          1          -    Covered              
#         bin mul_sngl[mul_op=>and_op]                      269          1          -    Covered              
#         bin mul_sngl[mul_op=>add_op]                      280          1          -    Covered              
#         bin mul_sngl[mul_op=>no_op]                        49          1          -    Covered              
#         bin twoops[mul_op[*2]]                            240          1          -    Covered              
#         bin twoops[xor_op[*2]]                            269          1          -    Covered              
#         bin twoops[and_op[*2]]                            266          1          -    Covered              
#         bin twoops[add_op[*2]]                            272          1          -    Covered              
#         bin manymult                                       41          1          -    Covered              
#         bin rstmulrst                                      25          1          -    Covered              
#         bin rstmulrstim                                    10          1          -    Covered              
#  TYPE /tinyalu_pkg/coverage/zeros_or_ones_on_ops      100.00%        100          -    Covered              
#     covered/total bins:                                    19         19          -                      
#     missing/total bins:                                     0         19          -                      
#     % Hit:                                            100.00%        100          -                      
#     Coverpoint all_ops                                100.00%        100          -    Covered              
#         covered/total bins:                                 4          4          -                      
#         missing/total bins:                                 0          4          -                      
#         % Hit:                                        100.00%        100          -                      
#         ignore_bin null_ops                               424                     -    Occurred             
#         bin auto[add_op]                                 1133          1          -    Covered              
#         bin auto[and_op]                                 1161          1          -    Covered              
#         bin auto[xor_op]                                 1168          1          -    Covered              
#         bin auto[mul_op]                                 1154          1          -    Covered              
#     Coverpoint a_leg                                  100.00%        100          -    Covered              
#         covered/total bins:                                 3          3          -                      
#         missing/total bins:                                 0          3          -                      
#         % Hit:                                        100.00%        100          -                      
#         bin zeros                                          17          1          -    Covered              
#         bin others                                       5002          1          -    Covered              
#         bin ones                                           21          1          -    Covered              
#     Coverpoint b_leg                                  100.00%        100          -    Covered              
#         covered/total bins:                                 3          3          -                      
#         missing/total bins:                                 0          3          -                      
#         % Hit:                                        100.00%        100          -                      
#         bin zeros                                         225          1          -    Covered              
#         bin others                                       4791          1          -    Covered              
#         bin ones                                           24          1          -    Covered              
#     Cross op_00_FF                                    100.00%        100          -    Covered              
#         covered/total bins:                                 9          9          -                      
#         missing/total bins:                                 0          9          -                      
#         % Hit:                                        100.00%        100          -                      
#         Auto, Default and User Defined Bins:
#             bin add_00                                     14          1          -    Covered              
#             bin add_FF                                     12          1          -    Covered              
#             bin and_00                                      6          1          -    Covered              
#             bin and_FF                                     10          1          -    Covered              
#             bin xor_00                                      5          1          -    Covered              
#             bin xor_FF                                      8          1          -    Covered              
#             bin mul_00                                      6          1          -    Covered              
#             bin mul_FF                                     12          1          -    Covered              
#             bin mul_max                                     1          1          -    Covered              
#         Illegal and Ignore Bins:
#             ignore_bin others_only                       4543                     -    Occurred             
# 
# TOTAL COVERGROUP COVERAGE: 100.00%  COVERGROUP TYPES: 2
# 
# Total Coverage By Instance (filtered view): 100.00%
# 
# End time: 18:49:55 on Feb 25,2023, Elapsed time: 0:00:00
# Errors: 0, Warnings: 0
# End time: 18:49:55 on Feb 25,2023, Elapsed time: 0:00:09
# Errors: 0, Warnings: 0
